<?xml version="1.0" encoding="UTF-8"?>
<testsuites name="TestSuite1" time="10" tests="1" failures="0" errors="0">
   <testsuite name="TestSuite1" tests="1" failures="0" errors="0" time="10" timestamp="2018-03-24 16:07:03" hostname="Jo - DESKTOP-QBUMRTA" id="Test Suites/TestSuite1">
      <properties>
         <property name="deviceName" value=""/>
         <property name="devicePlatform" value=""/>
         <property name="logFolder" value="C:\\Users\\Jo\\git\\KatalonGitTest1\\Reports\\TestSuite1\\20180324_160701"/>
         <property name="logFiles" value="C:\\Users\\Jo\\git\\KatalonGitTest1\\Reports\\TestSuite1\\20180324_160701\\execution0.log"/>
         <property name="attachments" value=""/>
         <property name="hostName" value="Jo - DESKTOP-QBUMRTA"/>
         <property name="os" value="Windows 10 64bit"/>
         <property name="katalonVersion" value="5.3.1.1"/>
         <property name="browser" value="Chrome 65.0.3325.181"/>
         <property name="hostAddress" value="192.168.1.100"/>
         <property name="sessionId" value="2cce6d2e73c49e1c962886e9d6667cec"/>
         <property name="seleniumVersion" value="3.7.1"/>
         <property name="proxyInformation" value="ProxyInformation{proxyOption=NO_PROXY, proxyServerType=HTTP, password=, proxyServerAddress=, proxyServerPort=0}"/>
         <property name="platform" value="Windows 10"/>
      </properties>
      <testcase name="Test Cases/Test1" classname="Test Cases/Test1" status="PASSED">
         <system-out><![CDATA[2018-03-24 16:07:04 - [TEST_CASE][PASSED] - Test Cases/Test1: Test Cases/Test1

2018-03-24 16:07:05 - [TEST_STEP][PASSED] - openBrowser: Browser is opened with url: 'http://opensource.demo.orangehrmlive.com/index.php/auth/login'

2018-03-24 16:07:13 - [MESSAGE][PASSED] - Browser is opened with url: 'http://opensource.demo.orangehrmlive.com/index.php/auth/login'

2018-03-24 16:07:13 - [TEST_STEP][PASSED] - closeBrowser: Browser is closed

2018-03-24 16:07:14 - [MESSAGE][PASSED] - Browser is closed]]></system-out>
         <system-err><![CDATA[]]></system-err>
      </testcase>
      <system-out><![CDATA[2018-03-24 16:07:03 - [TEST_SUITE][PASSED] - TestSuite1: Test Cases/Test1]]></system-out>
      <system-err><![CDATA[]]></system-err>
   </testsuite>
</testsuites>
